{"/Users/ngwilliam/Documents/Interview/Mlion-Assignment/drizzle.config.js": {"path":"/Users/ngwilliam/Documents/Interview/Mlion-Assignment/drizzle.config.js","all":true,"statementMap":{"0":{"start":{"line":1,"column":0},"end":{"line":1,"column":13}},"1":{"start":{"line":2,"column":0},"end":{"line":2,"column":62}},"2":{"start":{"line":3,"column":0},"end":{"line":3,"column":45}},"3":{"start":{"line":4,"column":0},"end":{"line":4,"column":51}},"4":{"start":{"line":5,"column":0},"end":{"line":5,"column":30}},"5":{"start":{"line":6,"column":0},"end":{"line":6,"column":21}},"6":{"start":{"line":7,"column":0},"end":{"line":7,"column":63}},"7":{"start":{"line":8,"column":0},"end":{"line":8,"column":20}},"8":{"start":{"line":9,"column":0},"end":{"line":9,"column":25}},"9":{"start":{"line":10,"column":0},"end":{"line":10,"column":26}},"10":{"start":{"line":11,"column":0},"end":{"line":11,"column":28}},"11":{"start":{"line":12,"column":0},"end":{"line":12,"column":28}},"12":{"start":{"line":13,"column":0},"end":{"line":13,"column":6}},"13":{"start":{"line":14,"column":0},"end":{"line":14,"column":3}}},"s":{"0":0,"1":0,"2":0,"3":0,"4":0,"5":0,"6":0,"7":0,"8":0,"9":0,"10":0,"11":0,"12":0,"13":0},"branchMap":{"0":{"type":"branch","line":1,"loc":{"start":{"line":1,"column":434},"end":{"line":14,"column":3}},"locations":[{"start":{"line":1,"column":434},"end":{"line":14,"column":3}}]}},"b":{"0":[0]},"fnMap":{"0":{"name":"(empty-report)","decl":{"start":{"line":1,"column":434},"end":{"line":14,"column":3}},"loc":{"start":{"line":1,"column":434},"end":{"line":14,"column":3}},"line":1}},"f":{"0":0}}
,"/Users/ngwilliam/Documents/Interview/Mlion-Assignment/drizzle.config.ts": {"path":"/Users/ngwilliam/Documents/Interview/Mlion-Assignment/drizzle.config.ts","all":true,"statementMap":{"0":{"start":{"line":1,"column":0},"end":{"line":1,"column":43}},"2":{"start":{"line":3,"column":0},"end":{"line":3,"column":29}},"3":{"start":{"line":4,"column":0},"end":{"line":4,"column":37}},"4":{"start":{"line":5,"column":0},"end":{"line":5,"column":19}},"5":{"start":{"line":6,"column":0},"end":{"line":6,"column":61}},"6":{"start":{"line":7,"column":0},"end":{"line":7,"column":18}},"7":{"start":{"line":8,"column":0},"end":{"line":8,"column":21}},"8":{"start":{"line":9,"column":0},"end":{"line":9,"column":22}},"9":{"start":{"line":10,"column":0},"end":{"line":10,"column":24}},"10":{"start":{"line":11,"column":0},"end":{"line":11,"column":24}},"11":{"start":{"line":12,"column":0},"end":{"line":12,"column":4}},"12":{"start":{"line":13,"column":0},"end":{"line":13,"column":3}}},"s":{"0":0,"2":0,"3":0,"4":0,"5":0,"6":0,"7":0,"8":0,"9":0,"10":0,"11":0,"12":0},"branchMap":{"0":{"type":"branch","line":1,"loc":{"start":{"line":1,"column":0},"end":{"line":13,"column":-101}},"locations":[{"start":{"line":1,"column":0},"end":{"line":13,"column":-101}}]}},"b":{"0":[0]},"fnMap":{"0":{"name":"(empty-report)","decl":{"start":{"line":1,"column":0},"end":{"line":13,"column":-101}},"loc":{"start":{"line":1,"column":0},"end":{"line":13,"column":-101}},"line":1}},"f":{"0":0}}
,"/Users/ngwilliam/Documents/Interview/Mlion-Assignment/src/app.ts": {"path":"/Users/ngwilliam/Documents/Interview/Mlion-Assignment/src/app.ts","all":true,"statementMap":{"0":{"start":{"line":1,"column":0},"end":{"line":1,"column":30}},"1":{"start":{"line":2,"column":0},"end":{"line":2,"column":24}},"2":{"start":{"line":3,"column":0},"end":{"line":3,"column":37}},"3":{"start":{"line":4,"column":0},"end":{"line":4,"column":32}},"6":{"start":{"line":7,"column":0},"end":{"line":7,"column":22}},"7":{"start":{"line":8,"column":0},"end":{"line":8,"column":16}},"10":{"start":{"line":11,"column":0},"end":{"line":11,"column":27}},"11":{"start":{"line":12,"column":0},"end":{"line":12,"column":18}},"13":{"start":{"line":14,"column":0},"end":{"line":14,"column":24}},"14":{"start":{"line":15,"column":0},"end":{"line":15,"column":60}},"15":{"start":{"line":16,"column":0},"end":{"line":16,"column":3}},"17":{"start":{"line":18,"column":0},"end":{"line":18,"column":17}},"18":{"start":{"line":19,"column":0},"end":{"line":19,"column":19}}},"s":{"0":0,"1":0,"2":0,"3":0,"6":0,"7":0,"10":0,"11":0,"13":0,"14":0,"15":0,"17":0,"18":0},"branchMap":{"0":{"type":"branch","line":1,"loc":{"start":{"line":1,"column":0},"end":{"line":19,"column":-272}},"locations":[{"start":{"line":1,"column":0},"end":{"line":19,"column":-272}}]}},"b":{"0":[0]},"fnMap":{"0":{"name":"(empty-report)","decl":{"start":{"line":1,"column":0},"end":{"line":19,"column":-272}},"loc":{"start":{"line":1,"column":0},"end":{"line":19,"column":-272}},"line":1}},"f":{"0":0}}
,"/Users/ngwilliam/Documents/Interview/Mlion-Assignment/src/constant/index.ts": {"path":"/Users/ngwilliam/Documents/Interview/Mlion-Assignment/src/constant/index.ts","all":false,"statementMap":{"0":{"start":{"line":1,"column":0},"end":{"line":1,"column":24}},"1":{"start":{"line":2,"column":0},"end":{"line":2,"column":11}},"2":{"start":{"line":3,"column":0},"end":{"line":3,"column":16}},"3":{"start":{"line":4,"column":0},"end":{"line":4,"column":20}},"4":{"start":{"line":5,"column":0},"end":{"line":5,"column":21}},"5":{"start":{"line":6,"column":0},"end":{"line":6,"column":17}},"6":{"start":{"line":7,"column":0},"end":{"line":7,"column":18}},"7":{"start":{"line":8,"column":0},"end":{"line":8,"column":30}},"8":{"start":{"line":9,"column":0},"end":{"line":9,"column":20}}},"s":{"0":1,"1":1,"2":1,"3":1,"4":1,"5":1,"6":1,"7":1,"8":1},"branchMap":{"0":{"type":"branch","line":1,"loc":{"start":{"line":1,"column":7},"end":{"line":1,"column":24}},"locations":[{"start":{"line":1,"column":7},"end":{"line":1,"column":24}}]}},"b":{"0":[4]},"fnMap":{},"f":{}}
,"/Users/ngwilliam/Documents/Interview/Mlion-Assignment/src/controllers/index.ts": {"path":"/Users/ngwilliam/Documents/Interview/Mlion-Assignment/src/controllers/index.ts","all":true,"statementMap":{"0":{"start":{"line":1,"column":0},"end":{"line":1,"column":39}},"1":{"start":{"line":2,"column":0},"end":{"line":2,"column":35}}},"s":{"0":0,"1":0},"branchMap":{"0":{"type":"branch","line":1,"loc":{"start":{"line":1,"column":0},"end":{"line":2,"column":-26}},"locations":[{"start":{"line":1,"column":0},"end":{"line":2,"column":-26}}]}},"b":{"0":[0]},"fnMap":{"0":{"name":"(empty-report)","decl":{"start":{"line":1,"column":0},"end":{"line":2,"column":-26}},"loc":{"start":{"line":1,"column":0},"end":{"line":2,"column":-26}},"line":1}},"f":{"0":0}}
,"/Users/ngwilliam/Documents/Interview/Mlion-Assignment/src/controllers/items.controller.ts": {"path":"/Users/ngwilliam/Documents/Interview/Mlion-Assignment/src/controllers/items.controller.ts","all":false,"statementMap":{"0":{"start":{"line":1,"column":0},"end":{"line":1,"column":44}},"1":{"start":{"line":2,"column":0},"end":{"line":2,"column":34}},"2":{"start":{"line":3,"column":0},"end":{"line":3,"column":41}},"9":{"start":{"line":10,"column":0},"end":{"line":10,"column":21}},"11":{"start":{"line":12,"column":0},"end":{"line":12,"column":66}},"12":{"start":{"line":13,"column":0},"end":{"line":13,"column":7}},"13":{"start":{"line":14,"column":0},"end":{"line":14,"column":44}},"14":{"start":{"line":15,"column":0},"end":{"line":15,"column":30}},"15":{"start":{"line":16,"column":0},"end":{"line":16,"column":7}},"16":{"start":{"line":17,"column":0},"end":{"line":17,"column":68}},"17":{"start":{"line":18,"column":0},"end":{"line":18,"column":43}},"18":{"start":{"line":19,"column":0},"end":{"line":19,"column":23}},"19":{"start":{"line":20,"column":0},"end":{"line":20,"column":23}},"20":{"start":{"line":21,"column":0},"end":{"line":21,"column":25}},"21":{"start":{"line":22,"column":0},"end":{"line":22,"column":24}},"22":{"start":{"line":23,"column":0},"end":{"line":23,"column":25}},"23":{"start":{"line":24,"column":0},"end":{"line":24,"column":7}},"24":{"start":{"line":25,"column":0},"end":{"line":25,"column":57}},"26":{"start":{"line":27,"column":0},"end":{"line":27,"column":69}},"28":{"start":{"line":29,"column":0},"end":{"line":29,"column":48}},"29":{"start":{"line":30,"column":0},"end":{"line":30,"column":11}},"30":{"start":{"line":31,"column":0},"end":{"line":31,"column":17}},"31":{"start":{"line":32,"column":0},"end":{"line":32,"column":34}},"32":{"start":{"line":33,"column":0},"end":{"line":33,"column":47}},"33":{"start":{"line":34,"column":0},"end":{"line":34,"column":24}},"34":{"start":{"line":35,"column":0},"end":{"line":35,"column":36}},"35":{"start":{"line":36,"column":0},"end":{"line":36,"column":27}},"36":{"start":{"line":37,"column":0},"end":{"line":37,"column":9}},"37":{"start":{"line":38,"column":0},"end":{"line":38,"column":13}},"38":{"start":{"line":39,"column":0},"end":{"line":39,"column":12}},"39":{"start":{"line":40,"column":0},"end":{"line":40,"column":9}},"40":{"start":{"line":41,"column":0},"end":{"line":41,"column":49}},"41":{"start":{"line":42,"column":0},"end":{"line":42,"column":64}},"42":{"start":{"line":43,"column":0},"end":{"line":43,"column":13}},"43":{"start":{"line":44,"column":0},"end":{"line":44,"column":5}},"44":{"start":{"line":45,"column":0},"end":{"line":45,"column":3}},"45":{"start":{"line":46,"column":0},"end":{"line":46,"column":2}},"48":{"start":{"line":49,"column":0},"end":{"line":49,"column":64}},"49":{"start":{"line":50,"column":0},"end":{"line":50,"column":7}},"50":{"start":{"line":51,"column":0},"end":{"line":51,"column":39}},"51":{"start":{"line":52,"column":0},"end":{"line":52,"column":43}},"52":{"start":{"line":53,"column":0},"end":{"line":53,"column":11}},"53":{"start":{"line":54,"column":0},"end":{"line":54,"column":17}},"54":{"start":{"line":55,"column":0},"end":{"line":55,"column":7}},"55":{"start":{"line":56,"column":0},"end":{"line":56,"column":47}},"56":{"start":{"line":57,"column":0},"end":{"line":57,"column":63}},"57":{"start":{"line":58,"column":0},"end":{"line":58,"column":11}},"58":{"start":{"line":59,"column":0},"end":{"line":59,"column":3}},"59":{"start":{"line":60,"column":0},"end":{"line":60,"column":2}},"61":{"start":{"line":62,"column":0},"end":{"line":62,"column":67}},"62":{"start":{"line":63,"column":0},"end":{"line":63,"column":7}},"63":{"start":{"line":64,"column":0},"end":{"line":64,"column":41}},"64":{"start":{"line":65,"column":0},"end":{"line":65,"column":26}},"65":{"start":{"line":66,"column":0},"end":{"line":66,"column":7}},"67":{"start":{"line":68,"column":0},"end":{"line":68,"column":61}},"68":{"start":{"line":69,"column":0},"end":{"line":69,"column":57}},"69":{"start":{"line":70,"column":0},"end":{"line":70,"column":43}},"70":{"start":{"line":71,"column":0},"end":{"line":71,"column":11}},"71":{"start":{"line":72,"column":0},"end":{"line":72,"column":17}},"72":{"start":{"line":73,"column":0},"end":{"line":73,"column":34}},"73":{"start":{"line":74,"column":0},"end":{"line":74,"column":47}},"74":{"start":{"line":75,"column":0},"end":{"line":75,"column":24}},"75":{"start":{"line":76,"column":0},"end":{"line":76,"column":36}},"76":{"start":{"line":77,"column":0},"end":{"line":77,"column":27}},"77":{"start":{"line":78,"column":0},"end":{"line":78,"column":9}},"78":{"start":{"line":79,"column":0},"end":{"line":79,"column":13}},"79":{"start":{"line":80,"column":0},"end":{"line":80,"column":12}},"80":{"start":{"line":81,"column":0},"end":{"line":81,"column":9}},"81":{"start":{"line":82,"column":0},"end":{"line":82,"column":49}},"82":{"start":{"line":83,"column":0},"end":{"line":83,"column":64}},"83":{"start":{"line":84,"column":0},"end":{"line":84,"column":13}},"84":{"start":{"line":85,"column":0},"end":{"line":85,"column":5}},"85":{"start":{"line":86,"column":0},"end":{"line":86,"column":3}},"86":{"start":{"line":87,"column":0},"end":{"line":87,"column":2}},"88":{"start":{"line":89,"column":0},"end":{"line":89,"column":74}},"89":{"start":{"line":90,"column":0},"end":{"line":90,"column":7}},"90":{"start":{"line":91,"column":0},"end":{"line":91,"column":52}},"91":{"start":{"line":92,"column":0},"end":{"line":92,"column":26}},"92":{"start":{"line":93,"column":0},"end":{"line":93,"column":30}},"93":{"start":{"line":94,"column":0},"end":{"line":94,"column":7}},"95":{"start":{"line":96,"column":0},"end":{"line":96,"column":73}},"96":{"start":{"line":97,"column":0},"end":{"line":97,"column":16}},"97":{"start":{"line":98,"column":0},"end":{"line":98,"column":6}},"99":{"start":{"line":100,"column":0},"end":{"line":100,"column":44}},"100":{"start":{"line":101,"column":0},"end":{"line":101,"column":22}},"101":{"start":{"line":102,"column":0},"end":{"line":102,"column":25}},"102":{"start":{"line":103,"column":0},"end":{"line":103,"column":6}},"103":{"start":{"line":104,"column":0},"end":{"line":104,"column":43}},"104":{"start":{"line":105,"column":0},"end":{"line":105,"column":11}},"105":{"start":{"line":106,"column":0},"end":{"line":106,"column":17}},"106":{"start":{"line":107,"column":0},"end":{"line":107,"column":34}},"107":{"start":{"line":108,"column":0},"end":{"line":108,"column":47}},"108":{"start":{"line":109,"column":0},"end":{"line":109,"column":24}},"109":{"start":{"line":110,"column":0},"end":{"line":110,"column":36}},"110":{"start":{"line":111,"column":0},"end":{"line":111,"column":27}},"111":{"start":{"line":112,"column":0},"end":{"line":112,"column":9}},"112":{"start":{"line":113,"column":0},"end":{"line":113,"column":13}},"113":{"start":{"line":114,"column":0},"end":{"line":114,"column":12}},"114":{"start":{"line":115,"column":0},"end":{"line":115,"column":9}},"115":{"start":{"line":116,"column":0},"end":{"line":116,"column":49}},"116":{"start":{"line":117,"column":0},"end":{"line":117,"column":74}},"117":{"start":{"line":118,"column":0},"end":{"line":118,"column":13}},"118":{"start":{"line":119,"column":0},"end":{"line":119,"column":5}},"119":{"start":{"line":120,"column":0},"end":{"line":120,"column":3}},"120":{"start":{"line":121,"column":0},"end":{"line":121,"column":2}},"122":{"start":{"line":123,"column":0},"end":{"line":123,"column":66}},"123":{"start":{"line":124,"column":0},"end":{"line":124,"column":7}},"124":{"start":{"line":125,"column":0},"end":{"line":125,"column":44}},"125":{"start":{"line":126,"column":0},"end":{"line":126,"column":26}},"126":{"start":{"line":127,"column":0},"end":{"line":127,"column":7}},"127":{"start":{"line":128,"column":0},"end":{"line":128,"column":64}},"128":{"start":{"line":129,"column":0},"end":{"line":129,"column":42}},"129":{"start":{"line":130,"column":0},"end":{"line":130,"column":51}},"130":{"start":{"line":131,"column":0},"end":{"line":131,"column":11}},"131":{"start":{"line":132,"column":0},"end":{"line":132,"column":17}},"132":{"start":{"line":133,"column":0},"end":{"line":133,"column":34}},"133":{"start":{"line":134,"column":0},"end":{"line":134,"column":47}},"134":{"start":{"line":135,"column":0},"end":{"line":135,"column":24}},"135":{"start":{"line":136,"column":0},"end":{"line":136,"column":36}},"136":{"start":{"line":137,"column":0},"end":{"line":137,"column":27}},"137":{"start":{"line":138,"column":0},"end":{"line":138,"column":9}},"138":{"start":{"line":139,"column":0},"end":{"line":139,"column":13}},"139":{"start":{"line":140,"column":0},"end":{"line":140,"column":12}},"140":{"start":{"line":141,"column":0},"end":{"line":141,"column":9}},"141":{"start":{"line":142,"column":0},"end":{"line":142,"column":49}},"142":{"start":{"line":143,"column":0},"end":{"line":143,"column":63}},"143":{"start":{"line":144,"column":0},"end":{"line":144,"column":13}},"144":{"start":{"line":145,"column":0},"end":{"line":145,"column":5}},"145":{"start":{"line":146,"column":0},"end":{"line":146,"column":3}},"146":{"start":{"line":147,"column":0},"end":{"line":147,"column":2}}},"s":{"0":1,"1":1,"2":1,"9":1,"11":1,"12":3,"13":3,"14":3,"15":3,"16":3,"17":3,"18":3,"19":3,"20":3,"21":3,"22":3,"23":3,"24":3,"26":3,"28":1,"29":1,"30":3,"31":2,"32":1,"33":1,"34":1,"35":1,"36":1,"37":1,"38":1,"39":1,"40":1,"41":1,"42":1,"43":1,"44":2,"45":3,"48":1,"49":2,"50":2,"51":1,"52":1,"53":1,"54":1,"55":1,"56":1,"57":1,"58":1,"59":2,"61":1,"62":3,"63":3,"64":3,"65":3,"67":3,"68":3,"69":1,"70":1,"71":3,"72":2,"73":1,"74":1,"75":1,"76":1,"77":1,"78":1,"79":1,"80":1,"81":1,"82":1,"83":1,"84":1,"85":2,"86":3,"88":1,"89":3,"90":3,"91":3,"92":3,"93":3,"95":3,"96":3,"97":3,"99":3,"100":3,"101":3,"102":3,"103":1,"104":1,"105":3,"106":2,"107":1,"108":1,"109":1,"110":1,"111":1,"112":1,"113":1,"114":1,"115":1,"116":1,"117":1,"118":1,"119":2,"120":3,"122":1,"123":3,"124":3,"125":3,"126":3,"127":3,"128":3,"129":1,"130":1,"131":3,"132":2,"133":1,"134":1,"135":1,"136":1,"137":1,"138":1,"139":1,"140":1,"141":1,"142":1,"143":1,"144":1,"145":2,"146":3},"branchMap":{"0":{"type":"branch","line":12,"loc":{"start":{"line":12,"column":26},"end":{"line":46,"column":2}},"locations":[{"start":{"line":12,"column":26},"end":{"line":46,"column":2}}]},"1":{"type":"branch","line":27,"loc":{"start":{"line":27,"column":67},"end":{"line":31,"column":11}},"locations":[{"start":{"line":27,"column":67},"end":{"line":31,"column":11}}]},"2":{"type":"branch","line":31,"loc":{"start":{"line":31,"column":2},"end":{"line":45,"column":3}},"locations":[{"start":{"line":31,"column":2},"end":{"line":45,"column":3}}]},"3":{"type":"branch","line":32,"loc":{"start":{"line":32,"column":33},"end":{"line":44,"column":5}},"locations":[{"start":{"line":32,"column":33},"end":{"line":44,"column":5}}]},"4":{"type":"branch","line":49,"loc":{"start":{"line":49,"column":24},"end":{"line":60,"column":2}},"locations":[{"start":{"line":49,"column":24},"end":{"line":60,"column":2}}]},"5":{"type":"branch","line":51,"loc":{"start":{"line":51,"column":37},"end":{"line":59,"column":3}},"locations":[{"start":{"line":51,"column":37},"end":{"line":59,"column":3}}]},"6":{"type":"branch","line":62,"loc":{"start":{"line":62,"column":27},"end":{"line":87,"column":2}},"locations":[{"start":{"line":62,"column":27},"end":{"line":87,"column":2}}]},"7":{"type":"branch","line":69,"loc":{"start":{"line":69,"column":55},"end":{"line":72,"column":11}},"locations":[{"start":{"line":69,"column":55},"end":{"line":72,"column":11}}]},"8":{"type":"branch","line":72,"loc":{"start":{"line":72,"column":2},"end":{"line":86,"column":3}},"locations":[{"start":{"line":72,"column":2},"end":{"line":86,"column":3}}]},"9":{"type":"branch","line":73,"loc":{"start":{"line":73,"column":33},"end":{"line":85,"column":5}},"locations":[{"start":{"line":73,"column":33},"end":{"line":85,"column":5}}]},"10":{"type":"branch","line":89,"loc":{"start":{"line":89,"column":34},"end":{"line":121,"column":2}},"locations":[{"start":{"line":89,"column":34},"end":{"line":121,"column":2}}]},"11":{"type":"branch","line":103,"loc":{"start":{"line":103,"column":4},"end":{"line":106,"column":11}},"locations":[{"start":{"line":103,"column":4},"end":{"line":106,"column":11}}]},"12":{"type":"branch","line":106,"loc":{"start":{"line":106,"column":2},"end":{"line":120,"column":3}},"locations":[{"start":{"line":106,"column":2},"end":{"line":120,"column":3}}]},"13":{"type":"branch","line":107,"loc":{"start":{"line":107,"column":33},"end":{"line":119,"column":5}},"locations":[{"start":{"line":107,"column":33},"end":{"line":119,"column":5}}]},"14":{"type":"branch","line":123,"loc":{"start":{"line":123,"column":26},"end":{"line":147,"column":2}},"locations":[{"start":{"line":123,"column":26},"end":{"line":147,"column":2}}]},"15":{"type":"branch","line":129,"loc":{"start":{"line":129,"column":40},"end":{"line":132,"column":11}},"locations":[{"start":{"line":129,"column":40},"end":{"line":132,"column":11}}]},"16":{"type":"branch","line":132,"loc":{"start":{"line":132,"column":2},"end":{"line":146,"column":3}},"locations":[{"start":{"line":132,"column":2},"end":{"line":146,"column":3}}]},"17":{"type":"branch","line":133,"loc":{"start":{"line":133,"column":33},"end":{"line":145,"column":5}},"locations":[{"start":{"line":133,"column":33},"end":{"line":145,"column":5}}]}},"b":{"0":[3],"1":[1],"2":[2],"3":[1],"4":[2],"5":[1],"6":[3],"7":[1],"8":[2],"9":[1],"10":[3],"11":[1],"12":[2],"13":[1],"14":[3],"15":[1],"16":[2],"17":[1]},"fnMap":{"0":{"name":"createItem","decl":{"start":{"line":12,"column":26},"end":{"line":46,"column":2}},"loc":{"start":{"line":12,"column":26},"end":{"line":46,"column":2}},"line":12},"1":{"name":"getItems","decl":{"start":{"line":49,"column":24},"end":{"line":60,"column":2}},"loc":{"start":{"line":49,"column":24},"end":{"line":60,"column":2}},"line":49},"2":{"name":"getItemById","decl":{"start":{"line":62,"column":27},"end":{"line":87,"column":2}},"loc":{"start":{"line":62,"column":27},"end":{"line":87,"column":2}},"line":62},"3":{"name":"changeItemLocation","decl":{"start":{"line":89,"column":34},"end":{"line":121,"column":2}},"loc":{"start":{"line":89,"column":34},"end":{"line":121,"column":2}},"line":89},"4":{"name":"deleteItem","decl":{"start":{"line":123,"column":26},"end":{"line":147,"column":2}},"loc":{"start":{"line":123,"column":26},"end":{"line":147,"column":2}},"line":123}},"f":{"0":3,"1":2,"2":3,"3":3,"4":3}}
,"/Users/ngwilliam/Documents/Interview/Mlion-Assignment/src/controllers/locations.controller.ts": {"path":"/Users/ngwilliam/Documents/Interview/Mlion-Assignment/src/controllers/locations.controller.ts","all":false,"statementMap":{"0":{"start":{"line":1,"column":0},"end":{"line":1,"column":44}},"1":{"start":{"line":2,"column":0},"end":{"line":2,"column":34}},"2":{"start":{"line":3,"column":0},"end":{"line":3,"column":41}},"9":{"start":{"line":10,"column":0},"end":{"line":10,"column":21}},"12":{"start":{"line":13,"column":0},"end":{"line":13,"column":70}},"13":{"start":{"line":14,"column":0},"end":{"line":14,"column":7}},"14":{"start":{"line":15,"column":0},"end":{"line":15,"column":43}},"15":{"start":{"line":16,"column":0},"end":{"line":16,"column":23}},"16":{"start":{"line":17,"column":0},"end":{"line":17,"column":19}},"17":{"start":{"line":18,"column":0},"end":{"line":18,"column":35}},"18":{"start":{"line":19,"column":0},"end":{"line":19,"column":56}},"19":{"start":{"line":20,"column":0},"end":{"line":20,"column":20}},"20":{"start":{"line":21,"column":0},"end":{"line":21,"column":7}},"22":{"start":{"line":23,"column":0},"end":{"line":23,"column":57}},"24":{"start":{"line":25,"column":0},"end":{"line":25,"column":52}},"26":{"start":{"line":27,"column":0},"end":{"line":27,"column":48}},"27":{"start":{"line":28,"column":0},"end":{"line":28,"column":11}},"28":{"start":{"line":29,"column":0},"end":{"line":29,"column":17}},"29":{"start":{"line":30,"column":0},"end":{"line":30,"column":34}},"30":{"start":{"line":31,"column":0},"end":{"line":31,"column":47}},"31":{"start":{"line":32,"column":0},"end":{"line":32,"column":24}},"32":{"start":{"line":33,"column":0},"end":{"line":33,"column":36}},"33":{"start":{"line":34,"column":0},"end":{"line":34,"column":27}},"34":{"start":{"line":35,"column":0},"end":{"line":35,"column":9}},"35":{"start":{"line":36,"column":0},"end":{"line":36,"column":13}},"36":{"start":{"line":37,"column":0},"end":{"line":37,"column":12}},"37":{"start":{"line":38,"column":0},"end":{"line":38,"column":9}},"38":{"start":{"line":39,"column":0},"end":{"line":39,"column":49}},"39":{"start":{"line":40,"column":0},"end":{"line":40,"column":68}},"40":{"start":{"line":41,"column":0},"end":{"line":41,"column":13}},"41":{"start":{"line":42,"column":0},"end":{"line":42,"column":5}},"42":{"start":{"line":43,"column":0},"end":{"line":43,"column":3}},"43":{"start":{"line":44,"column":0},"end":{"line":44,"column":2}},"46":{"start":{"line":47,"column":0},"end":{"line":47,"column":68}},"47":{"start":{"line":48,"column":0},"end":{"line":48,"column":7}},"48":{"start":{"line":49,"column":0},"end":{"line":49,"column":43}},"49":{"start":{"line":50,"column":0},"end":{"line":50,"column":43}},"50":{"start":{"line":51,"column":0},"end":{"line":51,"column":11}},"51":{"start":{"line":52,"column":0},"end":{"line":52,"column":17}},"52":{"start":{"line":53,"column":0},"end":{"line":53,"column":7}},"53":{"start":{"line":54,"column":0},"end":{"line":54,"column":47}},"54":{"start":{"line":55,"column":0},"end":{"line":55,"column":67}},"55":{"start":{"line":56,"column":0},"end":{"line":56,"column":11}},"56":{"start":{"line":57,"column":0},"end":{"line":57,"column":3}},"57":{"start":{"line":58,"column":0},"end":{"line":58,"column":2}},"60":{"start":{"line":61,"column":0},"end":{"line":61,"column":71}},"61":{"start":{"line":62,"column":0},"end":{"line":62,"column":7}},"62":{"start":{"line":63,"column":0},"end":{"line":63,"column":44}},"63":{"start":{"line":64,"column":0},"end":{"line":64,"column":30}},"64":{"start":{"line":65,"column":0},"end":{"line":65,"column":7}},"65":{"start":{"line":66,"column":0},"end":{"line":66,"column":68}},"66":{"start":{"line":67,"column":0},"end":{"line":67,"column":65}},"68":{"start":{"line":69,"column":0},"end":{"line":69,"column":43}},"69":{"start":{"line":70,"column":0},"end":{"line":70,"column":11}},"70":{"start":{"line":71,"column":0},"end":{"line":71,"column":17}},"71":{"start":{"line":72,"column":0},"end":{"line":72,"column":34}},"72":{"start":{"line":73,"column":0},"end":{"line":73,"column":47}},"73":{"start":{"line":74,"column":0},"end":{"line":74,"column":24}},"74":{"start":{"line":75,"column":0},"end":{"line":75,"column":36}},"75":{"start":{"line":76,"column":0},"end":{"line":76,"column":27}},"76":{"start":{"line":77,"column":0},"end":{"line":77,"column":9}},"77":{"start":{"line":78,"column":0},"end":{"line":78,"column":13}},"78":{"start":{"line":79,"column":0},"end":{"line":79,"column":12}},"79":{"start":{"line":80,"column":0},"end":{"line":80,"column":9}},"80":{"start":{"line":81,"column":0},"end":{"line":81,"column":49}},"81":{"start":{"line":82,"column":0},"end":{"line":82,"column":68}},"82":{"start":{"line":83,"column":0},"end":{"line":83,"column":13}},"83":{"start":{"line":84,"column":0},"end":{"line":84,"column":5}},"84":{"start":{"line":85,"column":0},"end":{"line":85,"column":3}},"85":{"start":{"line":86,"column":0},"end":{"line":86,"column":2}},"88":{"start":{"line":89,"column":0},"end":{"line":89,"column":74}},"89":{"start":{"line":90,"column":0},"end":{"line":90,"column":7}},"90":{"start":{"line":91,"column":0},"end":{"line":91,"column":48}},"91":{"start":{"line":92,"column":0},"end":{"line":92,"column":30}},"92":{"start":{"line":93,"column":0},"end":{"line":93,"column":7}},"93":{"start":{"line":94,"column":0},"end":{"line":94,"column":72}},"95":{"start":{"line":96,"column":0},"end":{"line":96,"column":43}},"96":{"start":{"line":97,"column":0},"end":{"line":97,"column":23}},"97":{"start":{"line":98,"column":0},"end":{"line":98,"column":7}},"98":{"start":{"line":99,"column":0},"end":{"line":99,"column":58}},"99":{"start":{"line":100,"column":0},"end":{"line":100,"column":75}},"101":{"start":{"line":102,"column":0},"end":{"line":102,"column":43}},"102":{"start":{"line":103,"column":0},"end":{"line":103,"column":11}},"103":{"start":{"line":104,"column":0},"end":{"line":104,"column":17}},"104":{"start":{"line":105,"column":0},"end":{"line":105,"column":34}},"105":{"start":{"line":106,"column":0},"end":{"line":106,"column":47}},"106":{"start":{"line":107,"column":0},"end":{"line":107,"column":24}},"107":{"start":{"line":108,"column":0},"end":{"line":108,"column":36}},"108":{"start":{"line":109,"column":0},"end":{"line":109,"column":27}},"109":{"start":{"line":110,"column":0},"end":{"line":110,"column":9}},"110":{"start":{"line":111,"column":0},"end":{"line":111,"column":13}},"111":{"start":{"line":112,"column":0},"end":{"line":112,"column":12}},"112":{"start":{"line":113,"column":0},"end":{"line":113,"column":9}},"113":{"start":{"line":114,"column":0},"end":{"line":114,"column":49}},"114":{"start":{"line":115,"column":0},"end":{"line":115,"column":68}},"115":{"start":{"line":116,"column":0},"end":{"line":116,"column":13}},"116":{"start":{"line":117,"column":0},"end":{"line":117,"column":5}},"117":{"start":{"line":118,"column":0},"end":{"line":118,"column":3}},"118":{"start":{"line":119,"column":0},"end":{"line":119,"column":2}},"121":{"start":{"line":122,"column":0},"end":{"line":122,"column":70}},"122":{"start":{"line":123,"column":0},"end":{"line":123,"column":7}},"123":{"start":{"line":124,"column":0},"end":{"line":124,"column":48}},"124":{"start":{"line":125,"column":0},"end":{"line":125,"column":30}},"125":{"start":{"line":126,"column":0},"end":{"line":126,"column":7}},"126":{"start":{"line":127,"column":0},"end":{"line":127,"column":72}},"127":{"start":{"line":128,"column":0},"end":{"line":128,"column":50}},"128":{"start":{"line":129,"column":0},"end":{"line":129,"column":55}},"129":{"start":{"line":130,"column":0},"end":{"line":130,"column":11}},"130":{"start":{"line":131,"column":0},"end":{"line":131,"column":17}},"131":{"start":{"line":132,"column":0},"end":{"line":132,"column":34}},"132":{"start":{"line":133,"column":0},"end":{"line":133,"column":47}},"133":{"start":{"line":134,"column":0},"end":{"line":134,"column":24}},"134":{"start":{"line":135,"column":0},"end":{"line":135,"column":36}},"135":{"start":{"line":136,"column":0},"end":{"line":136,"column":27}},"136":{"start":{"line":137,"column":0},"end":{"line":137,"column":9}},"137":{"start":{"line":138,"column":0},"end":{"line":138,"column":13}},"138":{"start":{"line":139,"column":0},"end":{"line":139,"column":12}},"139":{"start":{"line":140,"column":0},"end":{"line":140,"column":9}},"140":{"start":{"line":141,"column":0},"end":{"line":141,"column":49}},"141":{"start":{"line":142,"column":0},"end":{"line":142,"column":68}},"142":{"start":{"line":143,"column":0},"end":{"line":143,"column":13}},"143":{"start":{"line":144,"column":0},"end":{"line":144,"column":5}},"144":{"start":{"line":145,"column":0},"end":{"line":145,"column":3}},"145":{"start":{"line":146,"column":0},"end":{"line":146,"column":2}}},"s":{"0":1,"1":1,"2":1,"9":1,"12":1,"13":3,"14":3,"15":3,"16":3,"17":3,"18":3,"19":3,"20":3,"22":3,"24":3,"26":1,"27":1,"28":3,"29":2,"30":1,"31":1,"32":1,"33":1,"34":1,"35":1,"36":1,"37":1,"38":1,"39":1,"40":1,"41":1,"42":2,"43":3,"46":1,"47":2,"48":2,"49":1,"50":1,"51":1,"52":1,"53":1,"54":1,"55":1,"56":1,"57":2,"60":1,"61":3,"62":3,"63":3,"64":3,"65":3,"66":3,"68":1,"69":1,"70":3,"71":3,"72":1,"73":1,"74":1,"75":1,"76":1,"77":1,"78":3,"79":2,"80":2,"81":2,"82":2,"83":2,"84":3,"85":3,"88":1,"89":3,"90":3,"91":3,"92":3,"93":3,"95":3,"96":3,"97":3,"98":3,"99":3,"101":1,"102":1,"103":3,"104":2,"105":1,"106":1,"107":1,"108":1,"109":1,"110":1,"111":1,"112":1,"113":1,"114":1,"115":1,"116":1,"117":2,"118":3,"121":1,"122":3,"123":3,"124":3,"125":3,"126":3,"127":3,"128":1,"129":1,"130":3,"131":2,"132":1,"133":1,"134":1,"135":1,"136":1,"137":1,"138":1,"139":1,"140":1,"141":1,"142":1,"143":1,"144":2,"145":3},"branchMap":{"0":{"type":"branch","line":13,"loc":{"start":{"line":13,"column":30},"end":{"line":44,"column":2}},"locations":[{"start":{"line":13,"column":30},"end":{"line":44,"column":2}}]},"1":{"type":"branch","line":25,"loc":{"start":{"line":25,"column":50},"end":{"line":29,"column":11}},"locations":[{"start":{"line":25,"column":50},"end":{"line":29,"column":11}}]},"2":{"type":"branch","line":29,"loc":{"start":{"line":29,"column":2},"end":{"line":43,"column":3}},"locations":[{"start":{"line":29,"column":2},"end":{"line":43,"column":3}}]},"3":{"type":"branch","line":30,"loc":{"start":{"line":30,"column":33},"end":{"line":42,"column":5}},"locations":[{"start":{"line":30,"column":33},"end":{"line":42,"column":5}}]},"4":{"type":"branch","line":47,"loc":{"start":{"line":47,"column":28},"end":{"line":58,"column":2}},"locations":[{"start":{"line":47,"column":28},"end":{"line":58,"column":2}}]},"5":{"type":"branch","line":49,"loc":{"start":{"line":49,"column":41},"end":{"line":57,"column":3}},"locations":[{"start":{"line":49,"column":41},"end":{"line":57,"column":3}}]},"6":{"type":"branch","line":61,"loc":{"start":{"line":61,"column":31},"end":{"line":86,"column":2}},"locations":[{"start":{"line":61,"column":31},"end":{"line":86,"column":2}}]},"7":{"type":"branch","line":67,"loc":{"start":{"line":67,"column":63},"end":{"line":71,"column":11}},"locations":[{"start":{"line":67,"column":63},"end":{"line":71,"column":11}}]},"8":{"type":"branch","line":72,"loc":{"start":{"line":72,"column":33},"end":{"line":79,"column":11}},"locations":[{"start":{"line":72,"column":33},"end":{"line":79,"column":11}}]},"9":{"type":"branch","line":79,"loc":{"start":{"line":79,"column":4},"end":{"line":84,"column":5}},"locations":[{"start":{"line":79,"column":4},"end":{"line":84,"column":5}}]},"10":{"type":"branch","line":89,"loc":{"start":{"line":89,"column":34},"end":{"line":119,"column":2}},"locations":[{"start":{"line":89,"column":34},"end":{"line":119,"column":2}}]},"11":{"type":"branch","line":100,"loc":{"start":{"line":100,"column":73},"end":{"line":104,"column":11}},"locations":[{"start":{"line":100,"column":73},"end":{"line":104,"column":11}}]},"12":{"type":"branch","line":104,"loc":{"start":{"line":104,"column":2},"end":{"line":118,"column":3}},"locations":[{"start":{"line":104,"column":2},"end":{"line":118,"column":3}}]},"13":{"type":"branch","line":105,"loc":{"start":{"line":105,"column":33},"end":{"line":117,"column":5}},"locations":[{"start":{"line":105,"column":33},"end":{"line":117,"column":5}}]},"14":{"type":"branch","line":122,"loc":{"start":{"line":122,"column":30},"end":{"line":146,"column":2}},"locations":[{"start":{"line":122,"column":30},"end":{"line":146,"column":2}}]},"15":{"type":"branch","line":128,"loc":{"start":{"line":128,"column":48},"end":{"line":131,"column":11}},"locations":[{"start":{"line":128,"column":48},"end":{"line":131,"column":11}}]},"16":{"type":"branch","line":131,"loc":{"start":{"line":131,"column":2},"end":{"line":145,"column":3}},"locations":[{"start":{"line":131,"column":2},"end":{"line":145,"column":3}}]},"17":{"type":"branch","line":132,"loc":{"start":{"line":132,"column":33},"end":{"line":144,"column":5}},"locations":[{"start":{"line":132,"column":33},"end":{"line":144,"column":5}}]}},"b":{"0":[3],"1":[1],"2":[2],"3":[1],"4":[2],"5":[1],"6":[3],"7":[1],"8":[1],"9":[2],"10":[3],"11":[1],"12":[2],"13":[1],"14":[3],"15":[1],"16":[2],"17":[1]},"fnMap":{"0":{"name":"createLocation","decl":{"start":{"line":13,"column":30},"end":{"line":44,"column":2}},"loc":{"start":{"line":13,"column":30},"end":{"line":44,"column":2}},"line":13},"1":{"name":"getLocations","decl":{"start":{"line":47,"column":28},"end":{"line":58,"column":2}},"loc":{"start":{"line":47,"column":28},"end":{"line":58,"column":2}},"line":47},"2":{"name":"getLocationById","decl":{"start":{"line":61,"column":31},"end":{"line":86,"column":2}},"loc":{"start":{"line":61,"column":31},"end":{"line":86,"column":2}},"line":61},"3":{"name":"updateLocationName","decl":{"start":{"line":89,"column":34},"end":{"line":119,"column":2}},"loc":{"start":{"line":89,"column":34},"end":{"line":119,"column":2}},"line":89},"4":{"name":"deleteLocation","decl":{"start":{"line":122,"column":30},"end":{"line":146,"column":2}},"loc":{"start":{"line":122,"column":30},"end":{"line":146,"column":2}},"line":122}},"f":{"0":3,"1":2,"2":3,"3":3,"4":3}}
,"/Users/ngwilliam/Documents/Interview/Mlion-Assignment/src/database/db.ts": {"path":"/Users/ngwilliam/Documents/Interview/Mlion-Assignment/src/database/db.ts","all":false,"statementMap":{"0":{"start":{"line":1,"column":0},"end":{"line":1,"column":52}},"1":{"start":{"line":2,"column":0},"end":{"line":2,"column":33}},"2":{"start":{"line":3,"column":0},"end":{"line":3,"column":35}},"6":{"start":{"line":7,"column":0},"end":{"line":7,"column":52}},"8":{"start":{"line":9,"column":0},"end":{"line":9,"column":23}},"9":{"start":{"line":10,"column":0},"end":{"line":10,"column":19}},"10":{"start":{"line":11,"column":0},"end":{"line":11,"column":20}},"11":{"start":{"line":12,"column":0},"end":{"line":12,"column":22}},"12":{"start":{"line":13,"column":0},"end":{"line":13,"column":22}},"13":{"start":{"line":14,"column":0},"end":{"line":14,"column":13}},"14":{"start":{"line":15,"column":0},"end":{"line":15,"column":3}},"16":{"start":{"line":17,"column":0},"end":{"line":17,"column":37}},"18":{"start":{"line":19,"column":0},"end":{"line":19,"column":18}}},"s":{"0":1,"1":1,"2":1,"6":1,"8":1,"9":1,"10":1,"11":1,"12":1,"13":1,"14":1,"16":1,"18":1},"branchMap":{},"b":{},"fnMap":{},"f":{}}
,"/Users/ngwilliam/Documents/Interview/Mlion-Assignment/src/database/migrate.ts": {"path":"/Users/ngwilliam/Documents/Interview/Mlion-Assignment/src/database/migrate.ts","all":true,"statementMap":{"0":{"start":{"line":1,"column":0},"end":{"line":1,"column":54}},"2":{"start":{"line":3,"column":0},"end":{"line":3,"column":22}},"4":{"start":{"line":5,"column":0},"end":{"line":5,"column":34}},"5":{"start":{"line":6,"column":0},"end":{"line":6,"column":55}},"6":{"start":{"line":7,"column":0},"end":{"line":7,"column":1}}},"s":{"0":0,"2":0,"4":0,"5":0,"6":0},"branchMap":{"0":{"type":"branch","line":1,"loc":{"start":{"line":1,"column":201},"end":{"line":9,"column":27}},"locations":[{"start":{"line":1,"column":201},"end":{"line":9,"column":27}}]}},"b":{"0":[0]},"fnMap":{"0":{"name":"(empty-report)","decl":{"start":{"line":1,"column":201},"end":{"line":9,"column":27}},"loc":{"start":{"line":1,"column":201},"end":{"line":9,"column":27}},"line":1}},"f":{"0":0}}
,"/Users/ngwilliam/Documents/Interview/Mlion-Assignment/src/database/schema.ts": {"path":"/Users/ngwilliam/Documents/Interview/Mlion-Assignment/src/database/schema.ts","all":false,"statementMap":{"0":{"start":{"line":1,"column":0},"end":{"line":1,"column":8}},"7":{"start":{"line":8,"column":0},"end":{"line":8,"column":29}},"9":{"start":{"line":10,"column":0},"end":{"line":10,"column":47}},"10":{"start":{"line":11,"column":0},"end":{"line":11,"column":32}},"11":{"start":{"line":12,"column":0},"end":{"line":12,"column":24}},"13":{"start":{"line":14,"column":0},"end":{"line":14,"column":63}},"14":{"start":{"line":15,"column":0},"end":{"line":15,"column":12}},"15":{"start":{"line":16,"column":0},"end":{"line":16,"column":12}},"17":{"start":{"line":18,"column":0},"end":{"line":18,"column":24}},"18":{"start":{"line":19,"column":0},"end":{"line":19,"column":15}},"19":{"start":{"line":20,"column":0},"end":{"line":20,"column":3}},"21":{"start":{"line":22,"column":0},"end":{"line":22,"column":39}},"22":{"start":{"line":23,"column":0},"end":{"line":23,"column":32}},"23":{"start":{"line":24,"column":0},"end":{"line":24,"column":34}},"24":{"start":{"line":25,"column":0},"end":{"line":25,"column":34}},"25":{"start":{"line":26,"column":0},"end":{"line":26,"column":55}},"26":{"start":{"line":27,"column":0},"end":{"line":27,"column":20}},"27":{"start":{"line":28,"column":0},"end":{"line":28,"column":15}},"28":{"start":{"line":29,"column":0},"end":{"line":29,"column":80}},"29":{"start":{"line":30,"column":0},"end":{"line":30,"column":55}},"30":{"start":{"line":31,"column":0},"end":{"line":31,"column":20}},"31":{"start":{"line":32,"column":0},"end":{"line":32,"column":15}},"32":{"start":{"line":33,"column":0},"end":{"line":33,"column":37}},"33":{"start":{"line":34,"column":0},"end":{"line":34,"column":35}},"34":{"start":{"line":35,"column":0},"end":{"line":35,"column":15}},"35":{"start":{"line":36,"column":0},"end":{"line":36,"column":3}}},"s":{"0":1,"7":1,"9":1,"10":1,"11":1,"13":1,"14":1,"15":1,"17":1,"18":1,"19":1,"21":1,"22":1,"23":1,"24":1,"25":1,"26":1,"27":1,"28":1,"29":1,"30":1,"31":1,"32":1,"33":1,"34":1,"35":1},"branchMap":{},"b":{},"fnMap":{},"f":{}}
,"/Users/ngwilliam/Documents/Interview/Mlion-Assignment/src/interfaces/index.ts": {"path":"/Users/ngwilliam/Documents/Interview/Mlion-Assignment/src/interfaces/index.ts","all":true,"statementMap":{},"s":{},"branchMap":{"0":{"type":"branch","line":1,"loc":{"start":{"line":1,"column":285},"end":{"line":18,"column":1}},"locations":[{"start":{"line":1,"column":285},"end":{"line":18,"column":1}}]}},"b":{"0":[1]},"fnMap":{"0":{"name":"(empty-report)","decl":{"start":{"line":1,"column":285},"end":{"line":18,"column":1}},"loc":{"start":{"line":1,"column":285},"end":{"line":18,"column":1}},"line":1}},"f":{"0":1}}
,"/Users/ngwilliam/Documents/Interview/Mlion-Assignment/src/repository/index.ts": {"path":"/Users/ngwilliam/Documents/Interview/Mlion-Assignment/src/repository/index.ts","all":false,"statementMap":{"0":{"start":{"line":1,"column":0},"end":{"line":1,"column":39}},"1":{"start":{"line":2,"column":0},"end":{"line":2,"column":35}}},"s":{"0":1,"1":1},"branchMap":{},"b":{},"fnMap":{},"f":{}}
,"/Users/ngwilliam/Documents/Interview/Mlion-Assignment/src/repository/items.repository.ts": {"path":"/Users/ngwilliam/Documents/Interview/Mlion-Assignment/src/repository/items.repository.ts","all":false,"statementMap":{"0":{"start":{"line":1,"column":0},"end":{"line":1,"column":41}},"1":{"start":{"line":2,"column":0},"end":{"line":2,"column":32}},"3":{"start":{"line":4,"column":0},"end":{"line":4,"column":43}},"4":{"start":{"line":5,"column":0},"end":{"line":5,"column":39}},"5":{"start":{"line":6,"column":0},"end":{"line":6,"column":33}},"7":{"start":{"line":8,"column":0},"end":{"line":8,"column":39}},"8":{"start":{"line":9,"column":0},"end":{"line":9,"column":22}},"9":{"start":{"line":10,"column":0},"end":{"line":10,"column":35}},"10":{"start":{"line":11,"column":0},"end":{"line":11,"column":6}},"11":{"start":{"line":12,"column":0},"end":{"line":12,"column":69}},"12":{"start":{"line":13,"column":0},"end":{"line":13,"column":7}},"13":{"start":{"line":14,"column":0},"end":{"line":14,"column":27}},"14":{"start":{"line":15,"column":0},"end":{"line":15,"column":20}},"15":{"start":{"line":16,"column":0},"end":{"line":16,"column":15}},"16":{"start":{"line":17,"column":0},"end":{"line":17,"column":13}},"17":{"start":{"line":18,"column":0},"end":{"line":18,"column":20}},"18":{"start":{"line":19,"column":0},"end":{"line":19,"column":15}},"19":{"start":{"line":20,"column":0},"end":{"line":20,"column":15}},"20":{"start":{"line":21,"column":0},"end":{"line":21,"column":14}},"21":{"start":{"line":22,"column":0},"end":{"line":22,"column":13}},"22":{"start":{"line":23,"column":0},"end":{"line":23,"column":8}},"23":{"start":{"line":24,"column":0},"end":{"line":24,"column":19}},"24":{"start":{"line":25,"column":0},"end":{"line":25,"column":21}},"25":{"start":{"line":26,"column":0},"end":{"line":26,"column":17}},"26":{"start":{"line":27,"column":0},"end":{"line":27,"column":21}},"27":{"start":{"line":28,"column":0},"end":{"line":28,"column":26}},"28":{"start":{"line":29,"column":0},"end":{"line":29,"column":38}},"29":{"start":{"line":30,"column":0},"end":{"line":30,"column":28}},"30":{"start":{"line":31,"column":0},"end":{"line":31,"column":6}},"31":{"start":{"line":32,"column":0},"end":{"line":32,"column":3}},"32":{"start":{"line":33,"column":0},"end":{"line":33,"column":2}},"34":{"start":{"line":35,"column":0},"end":{"line":35,"column":45}},"35":{"start":{"line":36,"column":0},"end":{"line":36,"column":7}},"36":{"start":{"line":37,"column":0},"end":{"line":37,"column":49}},"37":{"start":{"line":38,"column":0},"end":{"line":38,"column":18}},"38":{"start":{"line":39,"column":0},"end":{"line":39,"column":17}},"39":{"start":{"line":40,"column":0},"end":{"line":40,"column":21}},"40":{"start":{"line":41,"column":0},"end":{"line":41,"column":26}},"41":{"start":{"line":42,"column":0},"end":{"line":42,"column":37}},"42":{"start":{"line":43,"column":0},"end":{"line":43,"column":28}},"43":{"start":{"line":44,"column":0},"end":{"line":44,"column":6}},"44":{"start":{"line":45,"column":0},"end":{"line":45,"column":3}},"45":{"start":{"line":46,"column":0},"end":{"line":46,"column":2}},"47":{"start":{"line":48,"column":0},"end":{"line":48,"column":60}},"48":{"start":{"line":49,"column":0},"end":{"line":49,"column":7}},"49":{"start":{"line":50,"column":0},"end":{"line":50,"column":78}},"50":{"start":{"line":51,"column":0},"end":{"line":51,"column":21}},"51":{"start":{"line":52,"column":0},"end":{"line":52,"column":17}},"52":{"start":{"line":53,"column":0},"end":{"line":53,"column":21}},"53":{"start":{"line":54,"column":0},"end":{"line":54,"column":78}},"54":{"start":{"line":55,"column":0},"end":{"line":55,"column":3}},"55":{"start":{"line":56,"column":0},"end":{"line":56,"column":2}},"57":{"start":{"line":58,"column":0},"end":{"line":58,"column":40}},"58":{"start":{"line":59,"column":0},"end":{"line":59,"column":18}},"59":{"start":{"line":60,"column":0},"end":{"line":60,"column":21}},"60":{"start":{"line":61,"column":0},"end":{"line":61,"column":6}},"61":{"start":{"line":62,"column":0},"end":{"line":62,"column":7}},"62":{"start":{"line":63,"column":0},"end":{"line":63,"column":27}},"63":{"start":{"line":64,"column":0},"end":{"line":64,"column":20}},"64":{"start":{"line":65,"column":0},"end":{"line":65,"column":12}},"65":{"start":{"line":66,"column":0},"end":{"line":66,"column":20}},"66":{"start":{"line":67,"column":0},"end":{"line":67,"column":8}},"67":{"start":{"line":68,"column":0},"end":{"line":68,"column":35}},"68":{"start":{"line":69,"column":0},"end":{"line":69,"column":19}},"69":{"start":{"line":70,"column":0},"end":{"line":70,"column":21}},"70":{"start":{"line":71,"column":0},"end":{"line":71,"column":17}},"71":{"start":{"line":72,"column":0},"end":{"line":72,"column":21}},"72":{"start":{"line":73,"column":0},"end":{"line":73,"column":26}},"73":{"start":{"line":74,"column":0},"end":{"line":74,"column":39}},"74":{"start":{"line":75,"column":0},"end":{"line":75,"column":28}},"75":{"start":{"line":76,"column":0},"end":{"line":76,"column":6}},"76":{"start":{"line":77,"column":0},"end":{"line":77,"column":3}},"77":{"start":{"line":78,"column":0},"end":{"line":78,"column":2}},"79":{"start":{"line":80,"column":0},"end":{"line":80,"column":61}},"80":{"start":{"line":81,"column":0},"end":{"line":81,"column":7}},"81":{"start":{"line":82,"column":0},"end":{"line":82,"column":56}},"82":{"start":{"line":83,"column":0},"end":{"line":83,"column":17}},"83":{"start":{"line":84,"column":0},"end":{"line":84,"column":21}},"84":{"start":{"line":85,"column":0},"end":{"line":85,"column":26}},"85":{"start":{"line":86,"column":0},"end":{"line":86,"column":36}},"86":{"start":{"line":87,"column":0},"end":{"line":87,"column":28}},"87":{"start":{"line":88,"column":0},"end":{"line":88,"column":6}},"88":{"start":{"line":89,"column":0},"end":{"line":89,"column":3}},"89":{"start":{"line":90,"column":0},"end":{"line":90,"column":2}}},"s":{"0":1,"1":1,"3":1,"4":1,"5":1,"7":1,"8":0,"9":0,"10":0,"11":0,"12":0,"13":0,"14":0,"15":0,"16":0,"17":0,"18":0,"19":0,"20":0,"21":0,"22":0,"23":0,"24":0,"25":0,"26":0,"27":0,"28":0,"29":0,"30":0,"31":0,"32":0,"34":1,"35":0,"36":0,"37":0,"38":0,"39":0,"40":0,"41":0,"42":0,"43":0,"44":0,"45":0,"47":1,"48":0,"49":0,"50":0,"51":0,"52":0,"53":0,"54":0,"55":0,"57":1,"58":0,"59":0,"60":0,"61":0,"62":0,"63":0,"64":0,"65":0,"66":0,"67":0,"68":0,"69":0,"70":0,"71":0,"72":0,"73":0,"74":0,"75":0,"76":0,"77":0,"79":1,"80":0,"81":0,"82":0,"83":0,"84":0,"85":0,"86":0,"87":0,"88":0,"89":0},"branchMap":{},"b":{},"fnMap":{"0":{"name":"createNewItemRow","decl":{"start":{"line":8,"column":32},"end":{"line":33,"column":2}},"loc":{"start":{"line":8,"column":32},"end":{"line":33,"column":2}},"line":8},"1":{"name":"retrieveItemList","decl":{"start":{"line":35,"column":32},"end":{"line":46,"column":2}},"loc":{"start":{"line":35,"column":32},"end":{"line":46,"column":2}},"line":35},"2":{"name":"retrieveItemById","decl":{"start":{"line":48,"column":32},"end":{"line":56,"column":2}},"loc":{"start":{"line":48,"column":32},"end":{"line":56,"column":2}},"line":48},"3":{"name":"patchItemLocation","decl":{"start":{"line":58,"column":33},"end":{"line":78,"column":2}},"loc":{"start":{"line":58,"column":33},"end":{"line":78,"column":2}},"line":58},"4":{"name":"deleteItemRowById","decl":{"start":{"line":80,"column":33},"end":{"line":90,"column":2}},"loc":{"start":{"line":80,"column":33},"end":{"line":90,"column":2}},"line":80}},"f":{"0":0,"1":0,"2":0,"3":0,"4":0}}
,"/Users/ngwilliam/Documents/Interview/Mlion-Assignment/src/repository/locations.repository.ts": {"path":"/Users/ngwilliam/Documents/Interview/Mlion-Assignment/src/repository/locations.repository.ts","all":false,"statementMap":{"0":{"start":{"line":1,"column":0},"end":{"line":1,"column":33}},"1":{"start":{"line":2,"column":0},"end":{"line":2,"column":41}},"2":{"start":{"line":3,"column":0},"end":{"line":3,"column":32}},"4":{"start":{"line":5,"column":0},"end":{"line":5,"column":47}},"5":{"start":{"line":6,"column":0},"end":{"line":6,"column":39}},"7":{"start":{"line":8,"column":0},"end":{"line":8,"column":43}},"8":{"start":{"line":9,"column":0},"end":{"line":9,"column":43}},"9":{"start":{"line":10,"column":0},"end":{"line":10,"column":6}},"10":{"start":{"line":11,"column":0},"end":{"line":11,"column":56}},"11":{"start":{"line":12,"column":0},"end":{"line":12,"column":7}},"12":{"start":{"line":13,"column":0},"end":{"line":13,"column":27}},"13":{"start":{"line":14,"column":0},"end":{"line":14,"column":24}},"14":{"start":{"line":15,"column":0},"end":{"line":15,"column":15}},"15":{"start":{"line":16,"column":0},"end":{"line":16,"column":13}},"16":{"start":{"line":17,"column":0},"end":{"line":17,"column":19}},"17":{"start":{"line":18,"column":0},"end":{"line":18,"column":8}},"18":{"start":{"line":19,"column":0},"end":{"line":19,"column":19}},"19":{"start":{"line":20,"column":0},"end":{"line":20,"column":21}},"20":{"start":{"line":21,"column":0},"end":{"line":21,"column":17}},"21":{"start":{"line":22,"column":0},"end":{"line":22,"column":21}},"22":{"start":{"line":23,"column":0},"end":{"line":23,"column":26}},"23":{"start":{"line":24,"column":0},"end":{"line":24,"column":38}},"24":{"start":{"line":25,"column":0},"end":{"line":25,"column":28}},"25":{"start":{"line":26,"column":0},"end":{"line":26,"column":6}},"26":{"start":{"line":27,"column":0},"end":{"line":27,"column":3}},"27":{"start":{"line":28,"column":0},"end":{"line":28,"column":2}},"29":{"start":{"line":30,"column":0},"end":{"line":30,"column":49}},"30":{"start":{"line":31,"column":0},"end":{"line":31,"column":7}},"31":{"start":{"line":32,"column":0},"end":{"line":32,"column":53}},"32":{"start":{"line":33,"column":0},"end":{"line":33,"column":18}},"33":{"start":{"line":34,"column":0},"end":{"line":34,"column":17}},"34":{"start":{"line":35,"column":0},"end":{"line":35,"column":21}},"35":{"start":{"line":36,"column":0},"end":{"line":36,"column":26}},"36":{"start":{"line":37,"column":0},"end":{"line":37,"column":36}},"37":{"start":{"line":38,"column":0},"end":{"line":38,"column":28}},"38":{"start":{"line":39,"column":0},"end":{"line":39,"column":6}},"39":{"start":{"line":40,"column":0},"end":{"line":40,"column":3}},"40":{"start":{"line":41,"column":0},"end":{"line":41,"column":2}},"42":{"start":{"line":43,"column":0},"end":{"line":43,"column":71}},"43":{"start":{"line":44,"column":0},"end":{"line":44,"column":7}},"44":{"start":{"line":45,"column":0},"end":{"line":45,"column":27}},"45":{"start":{"line":46,"column":0},"end":{"line":46,"column":15}},"46":{"start":{"line":47,"column":0},"end":{"line":47,"column":22}},"47":{"start":{"line":48,"column":0},"end":{"line":48,"column":44}},"48":{"start":{"line":49,"column":0},"end":{"line":49,"column":21}},"49":{"start":{"line":50,"column":0},"end":{"line":50,"column":17}},"50":{"start":{"line":51,"column":0},"end":{"line":51,"column":21}},"51":{"start":{"line":52,"column":0},"end":{"line":52,"column":26}},"52":{"start":{"line":53,"column":0},"end":{"line":53,"column":37}},"53":{"start":{"line":54,"column":0},"end":{"line":54,"column":28}},"54":{"start":{"line":55,"column":0},"end":{"line":55,"column":6}},"55":{"start":{"line":56,"column":0},"end":{"line":56,"column":3}},"56":{"start":{"line":57,"column":0},"end":{"line":57,"column":2}},"58":{"start":{"line":59,"column":0},"end":{"line":59,"column":44}},"59":{"start":{"line":60,"column":0},"end":{"line":60,"column":22}},"60":{"start":{"line":61,"column":0},"end":{"line":61,"column":14}},"61":{"start":{"line":62,"column":0},"end":{"line":62,"column":6}},"62":{"start":{"line":63,"column":0},"end":{"line":63,"column":7}},"63":{"start":{"line":64,"column":0},"end":{"line":64,"column":27}},"64":{"start":{"line":65,"column":0},"end":{"line":65,"column":24}},"65":{"start":{"line":66,"column":0},"end":{"line":66,"column":12}},"66":{"start":{"line":67,"column":0},"end":{"line":67,"column":13}},"67":{"start":{"line":68,"column":0},"end":{"line":68,"column":8}},"68":{"start":{"line":69,"column":0},"end":{"line":69,"column":43}},"69":{"start":{"line":70,"column":0},"end":{"line":70,"column":19}},"70":{"start":{"line":71,"column":0},"end":{"line":71,"column":21}},"71":{"start":{"line":72,"column":0},"end":{"line":72,"column":17}},"72":{"start":{"line":73,"column":0},"end":{"line":73,"column":21}},"73":{"start":{"line":74,"column":0},"end":{"line":74,"column":26}},"74":{"start":{"line":75,"column":0},"end":{"line":75,"column":39}},"75":{"start":{"line":76,"column":0},"end":{"line":76,"column":28}},"76":{"start":{"line":77,"column":0},"end":{"line":77,"column":6}},"77":{"start":{"line":78,"column":0},"end":{"line":78,"column":3}},"78":{"start":{"line":79,"column":0},"end":{"line":79,"column":2}},"80":{"start":{"line":81,"column":0},"end":{"line":81,"column":69}},"81":{"start":{"line":82,"column":0},"end":{"line":82,"column":7}},"82":{"start":{"line":83,"column":0},"end":{"line":83,"column":68}},"83":{"start":{"line":84,"column":0},"end":{"line":84,"column":17}},"84":{"start":{"line":85,"column":0},"end":{"line":85,"column":21}},"85":{"start":{"line":86,"column":0},"end":{"line":86,"column":79}},"86":{"start":{"line":87,"column":0},"end":{"line":87,"column":3}},"87":{"start":{"line":88,"column":0},"end":{"line":88,"column":2}}},"s":{"0":1,"1":1,"2":1,"4":1,"5":1,"7":1,"8":0,"9":0,"10":0,"11":0,"12":0,"13":0,"14":0,"15":0,"16":0,"17":0,"18":0,"19":0,"20":0,"21":0,"22":0,"23":0,"24":0,"25":0,"26":0,"27":0,"29":1,"30":0,"31":0,"32":0,"33":0,"34":0,"35":0,"36":0,"37":0,"38":0,"39":0,"40":0,"42":1,"43":0,"44":0,"45":0,"46":0,"47":0,"48":0,"49":0,"50":0,"51":0,"52":0,"53":0,"54":0,"55":0,"56":0,"58":1,"59":0,"60":0,"61":0,"62":0,"63":0,"64":0,"65":0,"66":0,"67":0,"68":0,"69":0,"70":0,"71":0,"72":0,"73":0,"74":0,"75":0,"76":0,"77":0,"78":0,"80":1,"81":0,"82":0,"83":0,"84":0,"85":0,"86":0,"87":0},"branchMap":{},"b":{},"fnMap":{"0":{"name":"createNewLocationRow","decl":{"start":{"line":8,"column":36},"end":{"line":28,"column":2}},"loc":{"start":{"line":8,"column":36},"end":{"line":28,"column":2}},"line":8},"1":{"name":"retrieveLocationList","decl":{"start":{"line":30,"column":36},"end":{"line":41,"column":2}},"loc":{"start":{"line":30,"column":36},"end":{"line":41,"column":2}},"line":30},"2":{"name":"retrieveLocationRowById","decl":{"start":{"line":43,"column":39},"end":{"line":57,"column":2}},"loc":{"start":{"line":43,"column":39},"end":{"line":57,"column":2}},"line":43},"3":{"name":"patchLocationNameById","decl":{"start":{"line":59,"column":37},"end":{"line":79,"column":2}},"loc":{"start":{"line":59,"column":37},"end":{"line":79,"column":2}},"line":59},"4":{"name":"deleteLocationRowById","decl":{"start":{"line":81,"column":37},"end":{"line":88,"column":2}},"loc":{"start":{"line":81,"column":37},"end":{"line":88,"column":2}},"line":81}},"f":{"0":0,"1":0,"2":0,"3":0,"4":0}}
,"/Users/ngwilliam/Documents/Interview/Mlion-Assignment/src/routers/index.ts": {"path":"/Users/ngwilliam/Documents/Interview/Mlion-Assignment/src/routers/index.ts","all":true,"statementMap":{"0":{"start":{"line":1,"column":0},"end":{"line":1,"column":33}},"1":{"start":{"line":2,"column":0},"end":{"line":2,"column":53}},"2":{"start":{"line":3,"column":0},"end":{"line":3,"column":45}},"4":{"start":{"line":5,"column":0},"end":{"line":5,"column":25}},"7":{"start":{"line":8,"column":0},"end":{"line":8,"column":43}},"8":{"start":{"line":9,"column":0},"end":{"line":9,"column":35}},"10":{"start":{"line":11,"column":0},"end":{"line":11,"column":23}}},"s":{"0":0,"1":0,"2":0,"4":0,"7":0,"8":0,"10":0},"branchMap":{"0":{"type":"branch","line":1,"loc":{"start":{"line":1,"column":278},"end":{"line":11,"column":23}},"locations":[{"start":{"line":1,"column":278},"end":{"line":11,"column":23}}]}},"b":{"0":[0]},"fnMap":{"0":{"name":"(empty-report)","decl":{"start":{"line":1,"column":278},"end":{"line":11,"column":23}},"loc":{"start":{"line":1,"column":278},"end":{"line":11,"column":23}},"line":1}},"f":{"0":0}}
,"/Users/ngwilliam/Documents/Interview/Mlion-Assignment/src/routers/items.router.ts": {"path":"/Users/ngwilliam/Documents/Interview/Mlion-Assignment/src/routers/items.router.ts","all":true,"statementMap":{"0":{"start":{"line":1,"column":0},"end":{"line":1,"column":33}},"7":{"start":{"line":8,"column":0},"end":{"line":8,"column":24}},"9":{"start":{"line":10,"column":0},"end":{"line":10,"column":36}},"11":{"start":{"line":12,"column":0},"end":{"line":12,"column":53}},"13":{"start":{"line":14,"column":0},"end":{"line":14,"column":35}},"15":{"start":{"line":16,"column":0},"end":{"line":16,"column":42}},"17":{"start":{"line":18,"column":0},"end":{"line":18,"column":71}},"19":{"start":{"line":20,"column":0},"end":{"line":20,"column":44}}},"s":{"0":0,"7":0,"9":0,"11":0,"13":0,"15":0,"17":0,"19":0},"branchMap":{"0":{"type":"branch","line":1,"loc":{"start":{"line":1,"column":0},"end":{"line":20,"column":-240}},"locations":[{"start":{"line":1,"column":0},"end":{"line":20,"column":-240}}]}},"b":{"0":[0]},"fnMap":{"0":{"name":"(empty-report)","decl":{"start":{"line":1,"column":0},"end":{"line":20,"column":-240}},"loc":{"start":{"line":1,"column":0},"end":{"line":20,"column":-240}},"line":1}},"f":{"0":0}}
,"/Users/ngwilliam/Documents/Interview/Mlion-Assignment/src/routers/locations.router.ts": {"path":"/Users/ngwilliam/Documents/Interview/Mlion-Assignment/src/routers/locations.router.ts","all":true,"statementMap":{"0":{"start":{"line":1,"column":0},"end":{"line":1,"column":33}},"7":{"start":{"line":8,"column":0},"end":{"line":8,"column":24}},"9":{"start":{"line":10,"column":0},"end":{"line":10,"column":40}},"12":{"start":{"line":13,"column":0},"end":{"line":13,"column":48}},"15":{"start":{"line":16,"column":0},"end":{"line":16,"column":43}},"18":{"start":{"line":19,"column":0},"end":{"line":19,"column":54}},"21":{"start":{"line":22,"column":0},"end":{"line":22,"column":57}},"24":{"start":{"line":25,"column":0},"end":{"line":25,"column":56}}},"s":{"0":0,"7":0,"9":0,"12":0,"15":0,"18":0,"21":0,"24":0},"branchMap":{"0":{"type":"branch","line":1,"loc":{"start":{"line":1,"column":0},"end":{"line":25,"column":-216}},"locations":[{"start":{"line":1,"column":0},"end":{"line":25,"column":-216}}]}},"b":{"0":[0]},"fnMap":{"0":{"name":"(empty-report)","decl":{"start":{"line":1,"column":0},"end":{"line":25,"column":-216}},"loc":{"start":{"line":1,"column":0},"end":{"line":25,"column":-216}},"line":1}},"f":{"0":0}}
,"/Users/ngwilliam/Documents/Interview/Mlion-Assignment/src/services/index.ts": {"path":"/Users/ngwilliam/Documents/Interview/Mlion-Assignment/src/services/index.ts","all":false,"statementMap":{"0":{"start":{"line":1,"column":0},"end":{"line":1,"column":36}},"1":{"start":{"line":2,"column":0},"end":{"line":2,"column":32}}},"s":{"0":1,"1":1},"branchMap":{},"b":{},"fnMap":{},"f":{}}
,"/Users/ngwilliam/Documents/Interview/Mlion-Assignment/src/services/items.service.ts": {"path":"/Users/ngwilliam/Documents/Interview/Mlion-Assignment/src/services/items.service.ts","all":false,"statementMap":{"0":{"start":{"line":1,"column":0},"end":{"line":1,"column":55}},"7":{"start":{"line":8,"column":0},"end":{"line":8,"column":23}},"12":{"start":{"line":13,"column":0},"end":{"line":13,"column":18}},"13":{"start":{"line":14,"column":0},"end":{"line":14,"column":41}},"15":{"start":{"line":16,"column":0},"end":{"line":16,"column":36}},"16":{"start":{"line":17,"column":0},"end":{"line":17,"column":22}},"17":{"start":{"line":18,"column":0},"end":{"line":18,"column":35}},"18":{"start":{"line":19,"column":0},"end":{"line":19,"column":6}},"19":{"start":{"line":20,"column":0},"end":{"line":20,"column":50}},"20":{"start":{"line":21,"column":0},"end":{"line":21,"column":76}},"21":{"start":{"line":22,"column":0},"end":{"line":22,"column":72}},"22":{"start":{"line":23,"column":0},"end":{"line":23,"column":31}},"23":{"start":{"line":24,"column":0},"end":{"line":24,"column":4}},"24":{"start":{"line":25,"column":0},"end":{"line":25,"column":61}},"25":{"start":{"line":26,"column":0},"end":{"line":26,"column":26}},"26":{"start":{"line":27,"column":0},"end":{"line":27,"column":64}},"27":{"start":{"line":28,"column":0},"end":{"line":28,"column":26}},"28":{"start":{"line":29,"column":0},"end":{"line":29,"column":20}},"29":{"start":{"line":30,"column":0},"end":{"line":30,"column":54}},"30":{"start":{"line":31,"column":0},"end":{"line":31,"column":38}},"31":{"start":{"line":32,"column":0},"end":{"line":32,"column":6}},"32":{"start":{"line":33,"column":0},"end":{"line":33,"column":3}},"34":{"start":{"line":35,"column":0},"end":{"line":35,"column":75}},"35":{"start":{"line":36,"column":0},"end":{"line":36,"column":16}},"36":{"start":{"line":37,"column":0},"end":{"line":37,"column":2}},"38":{"start":{"line":39,"column":0},"end":{"line":39,"column":40}},"39":{"start":{"line":40,"column":0},"end":{"line":40,"column":42}},"40":{"start":{"line":41,"column":0},"end":{"line":41,"column":16}},"41":{"start":{"line":42,"column":0},"end":{"line":42,"column":2}},"43":{"start":{"line":44,"column":0},"end":{"line":44,"column":58}},"44":{"start":{"line":45,"column":0},"end":{"line":45,"column":49}},"45":{"start":{"line":46,"column":0},"end":{"line":46,"column":16}},"46":{"start":{"line":47,"column":0},"end":{"line":47,"column":2}},"48":{"start":{"line":49,"column":0},"end":{"line":49,"column":41}},"49":{"start":{"line":50,"column":0},"end":{"line":50,"column":18}},"50":{"start":{"line":51,"column":0},"end":{"line":51,"column":21}},"51":{"start":{"line":52,"column":0},"end":{"line":52,"column":6}},"52":{"start":{"line":53,"column":0},"end":{"line":53,"column":76}},"53":{"start":{"line":54,"column":0},"end":{"line":54,"column":72}},"54":{"start":{"line":55,"column":0},"end":{"line":55,"column":31}},"55":{"start":{"line":56,"column":0},"end":{"line":56,"column":4}},"57":{"start":{"line":58,"column":0},"end":{"line":58,"column":47}},"58":{"start":{"line":59,"column":0},"end":{"line":59,"column":71}},"59":{"start":{"line":60,"column":0},"end":{"line":60,"column":26}},"60":{"start":{"line":61,"column":0},"end":{"line":61,"column":64}},"61":{"start":{"line":62,"column":0},"end":{"line":62,"column":26}},"62":{"start":{"line":63,"column":0},"end":{"line":63,"column":20}},"63":{"start":{"line":64,"column":0},"end":{"line":64,"column":59}},"64":{"start":{"line":65,"column":0},"end":{"line":65,"column":38}},"65":{"start":{"line":66,"column":0},"end":{"line":66,"column":6}},"66":{"start":{"line":67,"column":0},"end":{"line":67,"column":3}},"68":{"start":{"line":69,"column":0},"end":{"line":69,"column":63}},"69":{"start":{"line":70,"column":0},"end":{"line":70,"column":16}},"70":{"start":{"line":71,"column":0},"end":{"line":71,"column":2}},"72":{"start":{"line":73,"column":0},"end":{"line":73,"column":58}},"73":{"start":{"line":74,"column":0},"end":{"line":74,"column":42}},"74":{"start":{"line":75,"column":0},"end":{"line":75,"column":2}}},"s":{"0":1,"7":1,"12":1,"13":1,"15":1,"16":3,"17":3,"18":3,"19":3,"20":3,"21":3,"22":3,"23":3,"24":3,"25":2,"26":2,"27":2,"28":2,"29":2,"30":2,"31":2,"32":2,"34":1,"35":1,"36":1,"38":1,"39":1,"40":1,"41":1,"43":1,"44":1,"45":1,"46":1,"48":1,"49":3,"50":3,"51":3,"52":3,"53":3,"54":3,"55":3,"57":3,"58":3,"59":2,"60":2,"61":2,"62":2,"63":2,"64":2,"65":2,"66":2,"68":1,"69":1,"70":1,"72":1,"73":1,"74":1},"branchMap":{"0":{"type":"branch","line":16,"loc":{"start":{"line":16,"column":29},"end":{"line":37,"column":2}},"locations":[{"start":{"line":16,"column":29},"end":{"line":37,"column":2}}]},"1":{"type":"branch","line":25,"loc":{"start":{"line":25,"column":15},"end":{"line":25,"column":60}},"locations":[{"start":{"line":25,"column":15},"end":{"line":25,"column":60}}]},"2":{"type":"branch","line":25,"loc":{"start":{"line":25,"column":60},"end":{"line":33,"column":3}},"locations":[{"start":{"line":25,"column":60},"end":{"line":33,"column":3}}]},"3":{"type":"branch","line":30,"loc":{"start":{"line":30,"column":17},"end":{"line":30,"column":46}},"locations":[{"start":{"line":30,"column":17},"end":{"line":30,"column":46}}]},"4":{"type":"branch","line":30,"loc":{"start":{"line":30,"column":35},"end":{"line":30,"column":54}},"locations":[{"start":{"line":30,"column":35},"end":{"line":30,"column":54}}]},"5":{"type":"branch","line":33,"loc":{"start":{"line":33,"column":2},"end":{"line":37,"column":2}},"locations":[{"start":{"line":33,"column":2},"end":{"line":37,"column":2}}]},"6":{"type":"branch","line":39,"loc":{"start":{"line":39,"column":27},"end":{"line":42,"column":2}},"locations":[{"start":{"line":39,"column":27},"end":{"line":42,"column":2}}]},"7":{"type":"branch","line":44,"loc":{"start":{"line":44,"column":30},"end":{"line":47,"column":2}},"locations":[{"start":{"line":44,"column":30},"end":{"line":47,"column":2}}]},"8":{"type":"branch","line":49,"loc":{"start":{"line":49,"column":34},"end":{"line":71,"column":2}},"locations":[{"start":{"line":49,"column":34},"end":{"line":71,"column":2}}]},"9":{"type":"branch","line":59,"loc":{"start":{"line":59,"column":20},"end":{"line":59,"column":70}},"locations":[{"start":{"line":59,"column":20},"end":{"line":59,"column":70}}]},"10":{"type":"branch","line":59,"loc":{"start":{"line":59,"column":70},"end":{"line":67,"column":3}},"locations":[{"start":{"line":59,"column":70},"end":{"line":67,"column":3}}]},"11":{"type":"branch","line":64,"loc":{"start":{"line":64,"column":22},"end":{"line":64,"column":51}},"locations":[{"start":{"line":64,"column":22},"end":{"line":64,"column":51}}]},"12":{"type":"branch","line":64,"loc":{"start":{"line":64,"column":40},"end":{"line":64,"column":59}},"locations":[{"start":{"line":64,"column":40},"end":{"line":64,"column":59}}]},"13":{"type":"branch","line":67,"loc":{"start":{"line":67,"column":2},"end":{"line":71,"column":2}},"locations":[{"start":{"line":67,"column":2},"end":{"line":71,"column":2}}]},"14":{"type":"branch","line":73,"loc":{"start":{"line":73,"column":30},"end":{"line":75,"column":2}},"locations":[{"start":{"line":73,"column":30},"end":{"line":75,"column":2}}]}},"b":{"0":[3],"1":[2],"2":[2],"3":[1],"4":[1],"5":[1],"6":[1],"7":[1],"8":[3],"9":[2],"10":[2],"11":[1],"12":[1],"13":[1],"14":[1]},"fnMap":{"0":{"name":"createNewItem","decl":{"start":{"line":16,"column":29},"end":{"line":37,"column":2}},"loc":{"start":{"line":16,"column":29},"end":{"line":37,"column":2}},"line":16},"1":{"name":"getAllItems","decl":{"start":{"line":39,"column":27},"end":{"line":42,"column":2}},"loc":{"start":{"line":39,"column":27},"end":{"line":42,"column":2}},"line":39},"2":{"name":"getItemRowById","decl":{"start":{"line":44,"column":30},"end":{"line":47,"column":2}},"loc":{"start":{"line":44,"column":30},"end":{"line":47,"column":2}},"line":44},"3":{"name":"updateItemLocation","decl":{"start":{"line":49,"column":34},"end":{"line":71,"column":2}},"loc":{"start":{"line":49,"column":34},"end":{"line":71,"column":2}},"line":49},"4":{"name":"deleteItemById","decl":{"start":{"line":73,"column":30},"end":{"line":75,"column":2}},"loc":{"start":{"line":73,"column":30},"end":{"line":75,"column":2}},"line":73}},"f":{"0":3,"1":1,"2":1,"3":3,"4":1}}
,"/Users/ngwilliam/Documents/Interview/Mlion-Assignment/src/services/locations.service.ts": {"path":"/Users/ngwilliam/Documents/Interview/Mlion-Assignment/src/services/locations.service.ts","all":false,"statementMap":{"0":{"start":{"line":1,"column":0},"end":{"line":1,"column":59}},"7":{"start":{"line":8,"column":0},"end":{"line":8,"column":23}},"9":{"start":{"line":10,"column":0},"end":{"line":10,"column":40}},"10":{"start":{"line":11,"column":0},"end":{"line":11,"column":43}},"11":{"start":{"line":12,"column":0},"end":{"line":12,"column":6}},"12":{"start":{"line":13,"column":0},"end":{"line":13,"column":70}},"13":{"start":{"line":14,"column":0},"end":{"line":14,"column":16}},"14":{"start":{"line":15,"column":0},"end":{"line":15,"column":2}},"16":{"start":{"line":17,"column":0},"end":{"line":17,"column":44}},"17":{"start":{"line":18,"column":0},"end":{"line":18,"column":46}},"18":{"start":{"line":19,"column":0},"end":{"line":19,"column":16}},"19":{"start":{"line":20,"column":0},"end":{"line":20,"column":2}},"21":{"start":{"line":22,"column":0},"end":{"line":22,"column":66}},"22":{"start":{"line":23,"column":0},"end":{"line":23,"column":60}},"23":{"start":{"line":24,"column":0},"end":{"line":24,"column":16}},"24":{"start":{"line":25,"column":0},"end":{"line":25,"column":2}},"26":{"start":{"line":27,"column":0},"end":{"line":27,"column":45}},"27":{"start":{"line":28,"column":0},"end":{"line":28,"column":22}},"28":{"start":{"line":29,"column":0},"end":{"line":29,"column":14}},"29":{"start":{"line":30,"column":0},"end":{"line":30,"column":6}},"30":{"start":{"line":31,"column":0},"end":{"line":31,"column":56}},"31":{"start":{"line":32,"column":0},"end":{"line":32,"column":2}},"33":{"start":{"line":34,"column":0},"end":{"line":34,"column":66}},"34":{"start":{"line":35,"column":0},"end":{"line":35,"column":50}},"35":{"start":{"line":36,"column":0},"end":{"line":36,"column":2}}},"s":{"0":1,"7":1,"9":1,"10":1,"11":1,"12":1,"13":1,"14":1,"16":1,"17":1,"18":1,"19":1,"21":1,"22":1,"23":1,"24":1,"26":1,"27":1,"28":1,"29":1,"30":1,"31":1,"33":1,"34":1,"35":1},"branchMap":{"0":{"type":"branch","line":10,"loc":{"start":{"line":10,"column":33},"end":{"line":15,"column":2}},"locations":[{"start":{"line":10,"column":33},"end":{"line":15,"column":2}}]},"1":{"type":"branch","line":17,"loc":{"start":{"line":17,"column":31},"end":{"line":20,"column":2}},"locations":[{"start":{"line":17,"column":31},"end":{"line":20,"column":2}}]},"2":{"type":"branch","line":22,"loc":{"start":{"line":22,"column":34},"end":{"line":25,"column":2}},"locations":[{"start":{"line":22,"column":34},"end":{"line":25,"column":2}}]},"3":{"type":"branch","line":27,"loc":{"start":{"line":27,"column":38},"end":{"line":32,"column":2}},"locations":[{"start":{"line":27,"column":38},"end":{"line":32,"column":2}}]},"4":{"type":"branch","line":34,"loc":{"start":{"line":34,"column":34},"end":{"line":36,"column":2}},"locations":[{"start":{"line":34,"column":34},"end":{"line":36,"column":2}}]}},"b":{"0":[1],"1":[1],"2":[1],"3":[1],"4":[1]},"fnMap":{"0":{"name":"createNewLocation","decl":{"start":{"line":10,"column":33},"end":{"line":15,"column":2}},"loc":{"start":{"line":10,"column":33},"end":{"line":15,"column":2}},"line":10},"1":{"name":"getAllLocations","decl":{"start":{"line":17,"column":31},"end":{"line":20,"column":2}},"loc":{"start":{"line":17,"column":31},"end":{"line":20,"column":2}},"line":17},"2":{"name":"getLocationRowById","decl":{"start":{"line":22,"column":34},"end":{"line":25,"column":2}},"loc":{"start":{"line":22,"column":34},"end":{"line":25,"column":2}},"line":22},"3":{"name":"updateLocationNameById","decl":{"start":{"line":27,"column":38},"end":{"line":32,"column":2}},"loc":{"start":{"line":27,"column":38},"end":{"line":32,"column":2}},"line":27},"4":{"name":"deleteLocationById","decl":{"start":{"line":34,"column":34},"end":{"line":36,"column":2}},"loc":{"start":{"line":34,"column":34},"end":{"line":36,"column":2}},"line":34}},"f":{"0":1,"1":1,"2":1,"3":1,"4":1}}
,"/Users/ngwilliam/Documents/Interview/Mlion-Assignment/src/utils/index.ts": {"path":"/Users/ngwilliam/Documents/Interview/Mlion-Assignment/src/utils/index.ts","all":false,"statementMap":{"0":{"start":{"line":1,"column":0},"end":{"line":1,"column":26}},"2":{"start":{"line":3,"column":0},"end":{"line":3,"column":40}},"6":{"start":{"line":7,"column":0},"end":{"line":7,"column":79}},"7":{"start":{"line":8,"column":0},"end":{"line":8,"column":19}},"8":{"start":{"line":9,"column":0},"end":{"line":9,"column":33}},"9":{"start":{"line":10,"column":0},"end":{"line":10,"column":27}},"10":{"start":{"line":11,"column":0},"end":{"line":11,"column":52}},"11":{"start":{"line":12,"column":0},"end":{"line":12,"column":3}},"12":{"start":{"line":13,"column":0},"end":{"line":13,"column":1}},"14":{"start":{"line":15,"column":0},"end":{"line":15,"column":41}},"15":{"start":{"line":16,"column":0},"end":{"line":16,"column":24}},"16":{"start":{"line":17,"column":0},"end":{"line":17,"column":60}},"17":{"start":{"line":18,"column":0},"end":{"line":18,"column":24}},"18":{"start":{"line":19,"column":0},"end":{"line":19,"column":24}},"21":{"start":{"line":22,"column":0},"end":{"line":22,"column":47}},"22":{"start":{"line":23,"column":0},"end":{"line":23,"column":53}},"23":{"start":{"line":24,"column":0},"end":{"line":24,"column":37}},"24":{"start":{"line":25,"column":0},"end":{"line":25,"column":37}},"27":{"start":{"line":28,"column":0},"end":{"line":28,"column":60}},"28":{"start":{"line":29,"column":0},"end":{"line":29,"column":54}},"29":{"start":{"line":30,"column":0},"end":{"line":30,"column":7}},"32":{"start":{"line":33,"column":0},"end":{"line":33,"column":60}},"33":{"start":{"line":34,"column":0},"end":{"line":34,"column":54}},"34":{"start":{"line":35,"column":0},"end":{"line":35,"column":7}},"35":{"start":{"line":36,"column":0},"end":{"line":36,"column":5}},"36":{"start":{"line":37,"column":0},"end":{"line":37,"column":3}},"37":{"start":{"line":38,"column":0},"end":{"line":38,"column":65}},"38":{"start":{"line":39,"column":0},"end":{"line":39,"column":65}},"40":{"start":{"line":41,"column":0},"end":{"line":41,"column":48}},"42":{"start":{"line":43,"column":0},"end":{"line":43,"column":65}},"43":{"start":{"line":44,"column":0},"end":{"line":44,"column":65}},"44":{"start":{"line":45,"column":0},"end":{"line":45,"column":48}},"46":{"start":{"line":47,"column":0},"end":{"line":47,"column":46}},"47":{"start":{"line":48,"column":0},"end":{"line":48,"column":2}},"49":{"start":{"line":50,"column":0},"end":{"line":50,"column":66}},"50":{"start":{"line":51,"column":0},"end":{"line":51,"column":35}},"51":{"start":{"line":52,"column":0},"end":{"line":52,"column":52}},"52":{"start":{"line":53,"column":0},"end":{"line":53,"column":4}},"53":{"start":{"line":54,"column":0},"end":{"line":54,"column":23}},"54":{"start":{"line":55,"column":0},"end":{"line":55,"column":2}}},"s":{"0":1,"2":1,"6":1,"7":8,"8":8,"9":8,"10":8,"11":8,"12":1,"14":1,"15":6,"16":6,"17":6,"18":6,"21":6,"22":24,"23":36,"24":36,"27":36,"28":6,"29":6,"32":36,"33":6,"34":6,"35":36,"36":24,"37":6,"38":6,"40":6,"42":6,"43":6,"44":6,"46":6,"47":6,"49":1,"50":1,"51":1,"52":1,"53":1,"54":1},"branchMap":{"0":{"type":"branch","line":7,"loc":{"start":{"line":7,"column":2},"end":{"line":12,"column":3}},"locations":[{"start":{"line":7,"column":2},"end":{"line":12,"column":3}}]},"1":{"type":"branch","line":15,"loc":{"start":{"line":15,"column":40},"end":{"line":48,"column":2}},"locations":[{"start":{"line":15,"column":40},"end":{"line":48,"column":2}}]},"2":{"type":"branch","line":22,"loc":{"start":{"line":22,"column":46},"end":{"line":37,"column":3}},"locations":[{"start":{"line":22,"column":46},"end":{"line":37,"column":3}}]},"3":{"type":"branch","line":23,"loc":{"start":{"line":23,"column":52},"end":{"line":36,"column":5}},"locations":[{"start":{"line":23,"column":52},"end":{"line":36,"column":5}}]},"4":{"type":"branch","line":28,"loc":{"start":{"line":28,"column":17},"end":{"line":28,"column":36}},"locations":[{"start":{"line":28,"column":17},"end":{"line":28,"column":36}}]},"5":{"type":"branch","line":28,"loc":{"start":{"line":28,"column":30},"end":{"line":28,"column":59}},"locations":[{"start":{"line":28,"column":30},"end":{"line":28,"column":59}}]},"6":{"type":"branch","line":28,"loc":{"start":{"line":28,"column":59},"end":{"line":30,"column":7}},"locations":[{"start":{"line":28,"column":59},"end":{"line":30,"column":7}}]},"7":{"type":"branch","line":33,"loc":{"start":{"line":33,"column":17},"end":{"line":33,"column":36}},"locations":[{"start":{"line":33,"column":17},"end":{"line":33,"column":36}}]},"8":{"type":"branch","line":33,"loc":{"start":{"line":33,"column":30},"end":{"line":33,"column":59}},"locations":[{"start":{"line":33,"column":30},"end":{"line":33,"column":59}}]},"9":{"type":"branch","line":33,"loc":{"start":{"line":33,"column":59},"end":{"line":35,"column":7}},"locations":[{"start":{"line":33,"column":59},"end":{"line":35,"column":7}}]},"10":{"type":"branch","line":50,"loc":{"start":{"line":50,"column":34},"end":{"line":55,"column":2}},"locations":[{"start":{"line":50,"column":34},"end":{"line":55,"column":2}}]}},"b":{"0":[8],"1":[6],"2":[24],"3":[36],"4":[12],"5":[12],"6":[6],"7":[12],"8":[12],"9":[6],"10":[1]},"fnMap":{"0":{"name":"CustomError","decl":{"start":{"line":7,"column":2},"end":{"line":12,"column":3}},"loc":{"start":{"line":7,"column":2},"end":{"line":12,"column":3}},"line":7},"1":{"name":"calculateLengthAndHeight","decl":{"start":{"line":15,"column":40},"end":{"line":48,"column":2}},"loc":{"start":{"line":15,"column":40},"end":{"line":48,"column":2}},"line":15},"2":{"name":"callGetLocationApi","decl":{"start":{"line":50,"column":34},"end":{"line":55,"column":2}},"loc":{"start":{"line":50,"column":34},"end":{"line":55,"column":2}},"line":50}},"f":{"0":8,"1":6,"2":1}}
}
